<?xml version="1.0" encoding="UTF-8"?>
<!-- Generated by org.testng.reporters.JUnitXMLReporter -->
<testsuite hostname="A5991858" ignored="0" name="Courses Test" tests="3" failures="3" timestamp="2020-12-13T16:52:10 IST" time="0.079" errors="0">
  <testcase name="testCreateCourse" time="0.01" classname="main.java.seleniumTest.courseTests.ManageCourseTest">
    <failure type="java.lang.AssertionError" message="expected [true] but found [false]">
      <![CDATA[java.lang.AssertionError: expected [true] but found [false]
at main.java.seleniumTest.courseTests.ManageCourseTest.testCreateCourse(ManageCourseTest.java:22)
at java.util.ArrayList.forEach(ArrayList.java:1255)
at java.util.concurrent.FutureTask.run(FutureTask.java:266)
at java.util.concurrent.ThreadPoolExecutor.runWorker(ThreadPoolExecutor.java:1149)
at java.util.concurrent.ThreadPoolExecutor$Worker.run(ThreadPoolExecutor.java:624)
at java.lang.Thread.run(Thread.java:748)
... Removed 22 stack frames]]>
    </failure>
  </testcase> <!-- testCreateCourse -->
  <testcase name="testGoBackToCourses" time="0.001" classname="main.java.seleniumTest.courseTests.ManageCourseTest">
    <failure type="java.lang.AssertionError" message="expected [true] but found [false]">
      <![CDATA[java.lang.AssertionError: expected [true] but found [false]
at main.java.seleniumTest.courseTests.ManageCourseTest.testGoBackToCourses(ManageCourseTest.java:35)
at java.util.ArrayList.forEach(ArrayList.java:1255)
at java.util.concurrent.FutureTask.run(FutureTask.java:266)
at java.util.concurrent.ThreadPoolExecutor.runWorker(ThreadPoolExecutor.java:1149)
at java.util.concurrent.ThreadPoolExecutor$Worker.run(ThreadPoolExecutor.java:624)
at java.lang.Thread.run(Thread.java:748)
... Removed 22 stack frames]]>
    </failure>
  </testcase> <!-- testGoBackToCourses -->
  <testcase name="testClickTitle" time="0.04" classname="main.java.seleniumTest.courseTests.CoursesTest">
    <failure type="java.lang.AssertionError" message="expected [true] but found [false]">
      <![CDATA[java.lang.AssertionError: expected [true] but found [false]
at main.java.seleniumTest.courseTests.CoursesTest.testClickTitle(CoursesTest.java:18)
at java.util.ArrayList.forEach(ArrayList.java:1255)
at java.util.concurrent.FutureTask.run(FutureTask.java:266)
at java.util.concurrent.ThreadPoolExecutor.runWorker(ThreadPoolExecutor.java:1149)
at java.util.concurrent.ThreadPoolExecutor$Worker.run(ThreadPoolExecutor.java:624)
at java.lang.Thread.run(Thread.java:748)
... Removed 22 stack frames]]>
    </failure>
  </testcase> <!-- testClickTitle -->
</testsuite> <!-- Courses Test -->
